{"contracts\\DEX.sol":{"l":{"52":81,"53":81,"55":81,"56":81,"63":23,"64":23,"65":23,"66":23,"67":1640,"68":1640,"71":0,"83":27,"85":26,"86":26,"88":26,"89":23,"91":3,"95":2,"98":25,"100":25,"101":25,"103":25,"104":25,"106":25,"117":6,"118":6,"120":4,"121":4,"123":4,"124":4,"126":4,"127":4,"129":4,"130":4,"132":4,"143":12,"145":11,"147":11,"149":11,"150":11,"152":11,"154":11,"165":1,"167":1,"169":1,"171":1,"172":1,"174":1,"176":1,"183":4,"184":3,"195":11,"210":13,"211":13,"213":13,"214":13,"215":13,"217":13},"path":"C:\\Gpp\\DEX-AMM\\contracts\\DEX.sol","s":{"1":81,"2":81,"3":23,"4":23,"5":23,"6":0,"7":27,"8":26,"9":26,"10":26,"11":3,"12":25,"13":25,"14":6,"15":6,"16":4,"17":4,"18":4,"19":12,"20":11,"21":11,"22":11,"23":1,"24":1,"25":1,"26":1,"27":4,"28":11,"29":13,"30":13,"31":13,"32":13,"33":13},"b":{"1":[81,0],"2":[81,0],"3":[23,0],"4":[0,0],"5":[27,0],"6":[26,1],"7":[23,3],"8":[2,1],"9":[25,0],"10":[6,0],"11":[6,0],"12":[4,2],"13":[12,0],"14":[11,1],"15":[1,0],"16":[1,0],"17":[3,1],"18":[13,0],"19":[13,0]},"f":{"1":81,"2":23,"3":27,"4":6,"5":12,"6":1,"7":4,"8":11,"9":13},"fnMap":{"1":{"name":"constructor","line":51,"loc":{"start":{"line":51,"column":4},"end":{"line":57,"column":4}}},"2":{"name":"_sqrt","line":62,"loc":{"start":{"line":62,"column":4},"end":{"line":73,"column":4}}},"3":{"name":"addLiquidity","line":80,"loc":{"start":{"line":78,"column":4},"end":{"line":107,"column":4}}},"4":{"name":"removeLiquidity","line":114,"loc":{"start":{"line":112,"column":4},"end":{"line":133,"column":4}}},"5":{"name":"swapAForB","line":140,"loc":{"start":{"line":138,"column":4},"end":{"line":155,"column":4}}},"6":{"name":"swapBForA","line":162,"loc":{"start":{"line":160,"column":4},"end":{"line":177,"column":4}}},"7":{"name":"getPrice","line":182,"loc":{"start":{"line":182,"column":4},"end":{"line":185,"column":4}}},"8":{"name":"getReserves","line":190,"loc":{"start":{"line":190,"column":4},"end":{"line":196,"column":4}}},"9":{"name":"getAmountOut","line":201,"loc":{"start":{"line":201,"column":4},"end":{"line":218,"column":4}}}},"statementMap":{"1":{"start":{"line":52,"column":8},"end":{"line":52,"column":78}},"2":{"start":{"line":53,"column":8},"end":{"line":53,"column":48}},"3":{"start":{"line":63,"column":8},"end":{"line":63,"column":1646}},"4":{"start":{"line":65,"column":12},"end":{"line":65,"column":33}},"5":{"start":{"line":66,"column":12},"end":{"line":66,"column":1732}},"6":{"start":{"line":70,"column":15},"end":{"line":70,"column":1837}},"7":{"start":{"line":83,"column":8},"end":{"line":83,"column":57}},"8":{"start":{"line":85,"column":8},"end":{"line":85,"column":70}},"9":{"start":{"line":86,"column":8},"end":{"line":86,"column":70}},"10":{"start":{"line":88,"column":8},"end":{"line":88,"column":2324}},"11":{"start":{"line":91,"column":12},"end":{"line":91,"column":2443}},"12":{"start":{"line":98,"column":8},"end":{"line":98,"column":61}},"13":{"start":{"line":106,"column":8},"end":{"line":106,"column":74}},"14":{"start":{"line":117,"column":8},"end":{"line":117,"column":50}},"15":{"start":{"line":118,"column":8},"end":{"line":118,"column":80}},"16":{"start":{"line":129,"column":8},"end":{"line":129,"column":51}},"17":{"start":{"line":130,"column":8},"end":{"line":130,"column":51}},"18":{"start":{"line":132,"column":8},"end":{"line":132,"column":76}},"19":{"start":{"line":143,"column":8},"end":{"line":143,"column":42}},"20":{"start":{"line":145,"column":8},"end":{"line":145,"column":72}},"21":{"start":{"line":152,"column":8},"end":{"line":152,"column":54}},"22":{"start":{"line":154,"column":8},"end":{"line":154,"column":68}},"23":{"start":{"line":165,"column":8},"end":{"line":165,"column":42}},"24":{"start":{"line":167,"column":8},"end":{"line":167,"column":72}},"25":{"start":{"line":174,"column":8},"end":{"line":174,"column":54}},"26":{"start":{"line":176,"column":8},"end":{"line":176,"column":68}},"27":{"start":{"line":183,"column":8},"end":{"line":183,"column":44}},"28":{"start":{"line":195,"column":8},"end":{"line":195,"column":35}},"29":{"start":{"line":210,"column":8},"end":{"line":210,"column":42}},"30":{"start":{"line":211,"column":8},"end":{"line":211,"column":61}},"31":{"start":{"line":213,"column":8},"end":{"line":213,"column":48}},"32":{"start":{"line":214,"column":8},"end":{"line":214,"column":56}},"33":{"start":{"line":215,"column":8},"end":{"line":215,"column":66}}},"branchMap":{"1":{"line":52,"type":"if","locations":[{"start":{"line":52,"column":8},"end":{"line":52,"column":8}},{"start":{"line":52,"column":8},"end":{"line":52,"column":8}}]},"2":{"line":53,"type":"if","locations":[{"start":{"line":53,"column":8},"end":{"line":53,"column":8}},{"start":{"line":53,"column":8},"end":{"line":53,"column":8}}]},"3":{"line":63,"type":"if","locations":[{"start":{"line":63,"column":8},"end":{"line":63,"column":8}},{"start":{"line":63,"column":8},"end":{"line":63,"column":8}}]},"4":{"line":70,"type":"if","locations":[{"start":{"line":70,"column":15},"end":{"line":70,"column":15}},{"start":{"line":70,"column":15},"end":{"line":70,"column":15}}]},"5":{"line":80,"type":"if","locations":[{"start":{"line":80,"column":8},"end":{"line":80,"column":8}},{"start":{"line":80,"column":8},"end":{"line":80,"column":8}}]},"6":{"line":83,"type":"if","locations":[{"start":{"line":83,"column":8},"end":{"line":83,"column":8}},{"start":{"line":83,"column":8},"end":{"line":83,"column":8}}]},"7":{"line":88,"type":"if","locations":[{"start":{"line":88,"column":8},"end":{"line":88,"column":8}},{"start":{"line":88,"column":8},"end":{"line":88,"column":8}}]},"8":{"line":91,"type":"if","locations":[{"start":{"line":91,"column":12},"end":{"line":91,"column":12}},{"start":{"line":91,"column":12},"end":{"line":91,"column":12}}]},"9":{"line":98,"type":"if","locations":[{"start":{"line":98,"column":8},"end":{"line":98,"column":8}},{"start":{"line":98,"column":8},"end":{"line":98,"column":8}}]},"10":{"line":114,"type":"if","locations":[{"start":{"line":114,"column":8},"end":{"line":114,"column":8}},{"start":{"line":114,"column":8},"end":{"line":114,"column":8}}]},"11":{"line":117,"type":"if","locations":[{"start":{"line":117,"column":8},"end":{"line":117,"column":8}},{"start":{"line":117,"column":8},"end":{"line":117,"column":8}}]},"12":{"line":118,"type":"if","locations":[{"start":{"line":118,"column":8},"end":{"line":118,"column":8}},{"start":{"line":118,"column":8},"end":{"line":118,"column":8}}]},"13":{"line":140,"type":"if","locations":[{"start":{"line":140,"column":8},"end":{"line":140,"column":8}},{"start":{"line":140,"column":8},"end":{"line":140,"column":8}}]},"14":{"line":143,"type":"if","locations":[{"start":{"line":143,"column":8},"end":{"line":143,"column":8}},{"start":{"line":143,"column":8},"end":{"line":143,"column":8}}]},"15":{"line":162,"type":"if","locations":[{"start":{"line":162,"column":8},"end":{"line":162,"column":8}},{"start":{"line":162,"column":8},"end":{"line":162,"column":8}}]},"16":{"line":165,"type":"if","locations":[{"start":{"line":165,"column":8},"end":{"line":165,"column":8}},{"start":{"line":165,"column":8},"end":{"line":165,"column":8}}]},"17":{"line":183,"type":"if","locations":[{"start":{"line":183,"column":8},"end":{"line":183,"column":8}},{"start":{"line":183,"column":8},"end":{"line":183,"column":8}}]},"18":{"line":210,"type":"if","locations":[{"start":{"line":210,"column":8},"end":{"line":210,"column":8}},{"start":{"line":210,"column":8},"end":{"line":210,"column":8}}]},"19":{"line":211,"type":"if","locations":[{"start":{"line":211,"column":8},"end":{"line":211,"column":8}},{"start":{"line":211,"column":8},"end":{"line":211,"column":8}}]}}},"contracts\\MockERC20.sol":{"l":{"20":162,"29":108},"path":"C:\\Gpp\\DEX-AMM\\contracts\\MockERC20.sol","s":{"1":162,"2":108},"b":{},"f":{"1":162,"2":108},"fnMap":{"1":{"name":"constructor","line":18,"loc":{"start":{"line":17,"column":4},"end":{"line":21,"column":4}}},"2":{"name":"mint","line":28,"loc":{"start":{"line":28,"column":4},"end":{"line":30,"column":4}}}},"statementMap":{"1":{"start":{"line":20,"column":8},"end":{"line":20,"column":41}},"2":{"start":{"line":29,"column":8},"end":{"line":29,"column":24}}},"branchMap":{}}}